<?xml version="1.0" encoding="UTF-8"?>
<robot generator="Robot 6.1.1 (Python 3.12.0 on win32)" generated="20231205 14:47:34.167" rpa="false" schemaversion="4">
<suite id="s1" name="qcBDD" source="d:\robotframework-workspace\robotframeworkqmaFIX\robotframeworkqmaFIX\tests\qcBDD.robot">
<test id="s1-t1" name="Insert daily qma QC" line="17">
<kw name="given I am on login Page">
<kw name="Open My Browser" library="login_resources">
<kw name="Open Browser" library="SeleniumLibrary">
<arg>${QMA_URL}</arg>
<arg>${BROWSER}</arg>
<doc>Opens a new browser instance to the optional ``url``.</doc>
<msg timestamp="20231205 14:47:34.751" level="INFO">Opening browser 'chrome' to base url 'https://testingqa-office.nexcloud.id/testingqa/automation/webui/login'.</msg>
<status status="PASS" starttime="20231205 14:47:34.750" endtime="20231205 14:47:37.392"/>
</kw>
<kw name="Maximize Browser Window" library="SeleniumLibrary">
<doc>Maximizes current browser window.</doc>
<status status="PASS" starttime="20231205 14:47:37.395" endtime="20231205 14:47:37.906"/>
</kw>
<kw name="Page Should Contain" library="SeleniumLibrary">
<arg>${VERIFY_NEX}</arg>
<doc>Verifies that current page contains ``text``.</doc>
<msg timestamp="20231205 14:47:37.957" level="INFO">Current page contains text 'Nex'.</msg>
<status status="PASS" starttime="20231205 14:47:37.906" endtime="20231205 14:47:37.957"/>
</kw>
<status status="PASS" starttime="20231205 14:47:34.750" endtime="20231205 14:47:37.957"/>
</kw>
<status status="PASS" starttime="20231205 14:47:34.749" endtime="20231205 14:47:37.957"/>
</kw>
<kw name="when I insert username and password">
<kw name="Input Username" library="login_resources">
<arg>${username-qma}</arg>
<kw name="Input Text" library="SeleniumLibrary">
<arg>${TEXTFIELD_USERNAME}</arg>
<arg>${username}</arg>
<doc>Types the given ``text`` into the text field identified by ``locator``.</doc>
<msg timestamp="20231205 14:47:37.962" level="INFO">Typing text 'ridho' into text field 'username'.</msg>
<status status="PASS" starttime="20231205 14:47:37.960" endtime="20231205 14:47:38.437"/>
</kw>
<status status="PASS" starttime="20231205 14:47:37.959" endtime="20231205 14:47:38.437"/>
</kw>
<kw name="Input Password" library="login_resources">
<arg>${password}</arg>
<kw name="Input Password" library="SeleniumLibrary">
<arg>${TEXTFIELD_PASSWORD}</arg>
<arg>${password}</arg>
<doc>Types the given password into the text field identified by ``locator``.</doc>
<msg timestamp="20231205 14:47:38.439" level="INFO">Typing password into text field 'password'.</msg>
<msg timestamp="20231205 14:47:38.530" level="INFO">Temporally setting log level to: NONE</msg>
<msg timestamp="20231205 14:47:38.743" level="INFO">Log level changed from NONE to INFO.</msg>
<status status="PASS" starttime="20231205 14:47:38.439" endtime="20231205 14:47:38.743"/>
</kw>
<status status="PASS" starttime="20231205 14:47:38.438" endtime="20231205 14:47:38.744"/>
</kw>
<status status="PASS" starttime="20231205 14:47:37.958" endtime="20231205 14:47:38.744"/>
</kw>
<kw name="and Click button login qma">
<kw name="Click Login Button" library="login_resources">
<kw name="Sleep" library="BuiltIn">
<arg>${TIMEOUT}</arg>
<doc>Pauses the test executed for the given time.</doc>
<msg timestamp="20231205 14:47:39.750" level="INFO">Slept 1 second</msg>
<status status="PASS" starttime="20231205 14:47:38.749" endtime="20231205 14:47:39.750"/>
</kw>
<kw name="Click Button" library="SeleniumLibrary">
<arg>${BUTTON_LOGIN}</arg>
<doc>Clicks the button identified by ``locator``.</doc>
<msg timestamp="20231205 14:47:39.754" level="INFO">Clicking button 'Log in'.</msg>
<status status="PASS" starttime="20231205 14:47:39.751" endtime="20231205 14:47:39.925"/>
</kw>
<status status="PASS" starttime="20231205 14:47:38.749" endtime="20231205 14:47:39.925"/>
</kw>
<status status="PASS" starttime="20231205 14:47:38.749" endtime="20231205 14:47:39.925"/>
</kw>
<kw name="then I should see my Profile">
<kw name="Verify Success Login" library="login_resources">
<kw name="Wait Until Element Is Visible" library="SeleniumLibrary">
<arg>${BUTTON_TOGGLE}</arg>
<doc>Waits until the element ``locator`` is visible.</doc>
<status status="PASS" starttime="20231205 14:47:39.926" endtime="20231205 14:47:40.653"/>
</kw>
<status status="PASS" starttime="20231205 14:47:39.926" endtime="20231205 14:47:40.653"/>
</kw>
<kw name="Click Sidebar Toggle" library="login_resources">
<kw name="Sleep" library="BuiltIn">
<arg>${TIMEOUT}</arg>
<doc>Pauses the test executed for the given time.</doc>
<msg timestamp="20231205 14:47:41.654" level="INFO">Slept 1 second</msg>
<status status="PASS" starttime="20231205 14:47:40.654" endtime="20231205 14:47:41.657"/>
</kw>
<kw name="Click Element" library="SeleniumLibrary">
<arg>${BUTTON_TOGGLE}</arg>
<doc>Click the element identified by ``locator``.</doc>
<msg timestamp="20231205 14:47:41.671" level="INFO">Clicking element '//div[@id='toggle-btn']'.</msg>
<status status="PASS" starttime="20231205 14:47:41.660" endtime="20231205 14:47:41.812"/>
</kw>
<kw name="Verify my Profile" library="login_resources">
<kw name="Wait Until Element Is Visible" library="SeleniumLibrary">
<arg>${LABEL_NAME}</arg>
<doc>Waits until the element ``locator`` is visible.</doc>
<status status="PASS" starttime="20231205 14:47:41.815" endtime="20231205 14:47:42.272"/>
</kw>
<kw name="Page Should Contain" library="SeleniumLibrary">
<arg>${VERIFY_MY_NAME}</arg>
<doc>Verifies that current page contains ``text``.</doc>
<msg timestamp="20231205 14:47:42.321" level="INFO">Current page contains text 'Ridho Tadjudin'.</msg>
<status status="PASS" starttime="20231205 14:47:42.272" endtime="20231205 14:47:42.322"/>
</kw>
<status status="PASS" starttime="20231205 14:47:41.813" endtime="20231205 14:47:42.322"/>
</kw>
<status status="PASS" starttime="20231205 14:47:40.653" endtime="20231205 14:47:42.322"/>
</kw>
<kw name="Verify my Profile" library="login_resources">
<kw name="Wait Until Element Is Visible" library="SeleniumLibrary">
<arg>${LABEL_NAME}</arg>
<doc>Waits until the element ``locator`` is visible.</doc>
<status status="PASS" starttime="20231205 14:47:42.322" endtime="20231205 14:47:42.367"/>
</kw>
<kw name="Page Should Contain" library="SeleniumLibrary">
<arg>${VERIFY_MY_NAME}</arg>
<doc>Verifies that current page contains ``text``.</doc>
<msg timestamp="20231205 14:47:42.401" level="INFO">Current page contains text 'Ridho Tadjudin'.</msg>
<status status="PASS" starttime="20231205 14:47:42.367" endtime="20231205 14:47:42.402"/>
</kw>
<status status="PASS" starttime="20231205 14:47:42.322" endtime="20231205 14:47:42.402"/>
</kw>
<status status="PASS" starttime="20231205 14:47:39.926" endtime="20231205 14:47:42.402"/>
</kw>
<kw name="when I open menu daily tracker">
<kw name="Open Menu Daily" library="mytracker_resources">
<kw name="Click Element" library="SeleniumLibrary">
<arg>${BUTTON_INSIGHT}</arg>
<doc>Click the element identified by ``locator``.</doc>
<msg timestamp="20231205 14:47:42.414" level="INFO">Clicking element '//body[1]/div[1]/div[6]/label[1]'.</msg>
<status status="PASS" starttime="20231205 14:47:42.413" endtime="20231205 14:47:42.490"/>
</kw>
<kw name="Sleep" library="BuiltIn">
<arg>${TIMEOUT}</arg>
<doc>Pauses the test executed for the given time.</doc>
<msg timestamp="20231205 14:47:43.491" level="INFO">Slept 1 second</msg>
<status status="PASS" starttime="20231205 14:47:42.491" endtime="20231205 14:47:43.491"/>
</kw>
<kw name="Click Element" library="SeleniumLibrary">
<arg>${BUTTON_MY_TRACKER}</arg>
<doc>Click the element identified by ``locator``.</doc>
<msg timestamp="20231205 14:47:43.501" level="INFO">Clicking element '//*[@id="myTrackerItem"]'.</msg>
<status status="PASS" starttime="20231205 14:47:43.491" endtime="20231205 14:47:43.655"/>
</kw>
<kw name="Select Frame" library="SeleniumLibrary">
<arg>${IFRAME_TRACKER}</arg>
<doc>Sets frame identified by ``locator`` as the current frame.</doc>
<msg timestamp="20231205 14:47:43.656" level="INFO">Selecting frame '//iframe[contains(@src,/testingqa/automation/webui/home/insights/checkins)]'.</msg>
<status status="PASS" starttime="20231205 14:47:43.656" endtime="20231205 14:47:43.755"/>
</kw>
<kw name="Page Should Contain Element" library="SeleniumLibrary">
<arg>${BUTTON_ADD_DAILY}</arg>
<doc>Verifies that element ``locator`` is found on the current page.</doc>
<msg timestamp="20231205 14:47:43.785" level="INFO">Current page contains element '//button[@id='buttonAdd']'.</msg>
<status status="PASS" starttime="20231205 14:47:43.755" endtime="20231205 14:47:43.785"/>
</kw>
<status status="PASS" starttime="20231205 14:47:42.412" endtime="20231205 14:47:43.786"/>
</kw>
<status status="PASS" starttime="20231205 14:47:42.411" endtime="20231205 14:47:43.786"/>
</kw>
<kw name="and I insert daily task qma">
<kw name="Click Button" library="SeleniumLibrary">
<arg>${BUTTON_ADD_DAILY}</arg>
<doc>Clicks the button identified by ``locator``.</doc>
<msg timestamp="20231205 14:47:43.790" level="INFO">Clicking button '//button[@id='buttonAdd']'.</msg>
<status status="PASS" starttime="20231205 14:47:43.787" endtime="20231205 14:47:44.027"/>
</kw>
<kw name="Insert CheckIn Date" library="mytracker_resources">
<arg>${checkindate}</arg>
<kw name="Input Text" library="SeleniumLibrary">
<arg>${TEXTFIELD_DATE}</arg>
<arg>${date}</arg>
<doc>Types the given ``text`` into the text field identified by ``locator``.</doc>
<msg timestamp="20231205 14:47:44.031" level="INFO">Typing text '6/12/2022' into text field '//input[@id='checkinDate']'.</msg>
<status status="PASS" starttime="20231205 14:47:44.029" endtime="20231205 14:47:44.184"/>
</kw>
<kw name="Sleep" library="BuiltIn">
<arg>${TIMEOUT}</arg>
<doc>Pauses the test executed for the given time.</doc>
<msg timestamp="20231205 14:47:45.186" level="INFO">Slept 1 second</msg>
<status status="PASS" starttime="20231205 14:47:44.184" endtime="20231205 14:47:45.187"/>
</kw>
<status status="PASS" starttime="20231205 14:47:44.028" endtime="20231205 14:47:45.188"/>
</kw>
<kw name="Select Mood" library="mytracker_resources">
<arg>${AWESOME}</arg>
<kw name="Click Element" library="SeleniumLibrary">
<arg>${DROPDOWN_MOOD}</arg>
<doc>Click the element identified by ``locator``.</doc>
<msg timestamp="20231205 14:47:45.188" level="INFO">Clicking element '//select[@id='moodID']'.</msg>
<status status="PASS" starttime="20231205 14:47:45.188" endtime="20231205 14:47:45.483"/>
</kw>
<kw name="Select From List By Value" library="SeleniumLibrary">
<arg>${DROPDOWN_MOOD}</arg>
<arg>${mood}</arg>
<doc>Selects options from selection list ``locator`` by ``values``.</doc>
<msg timestamp="20231205 14:47:45.487" level="INFO">Selecting options from selection list '//select[@id='moodID']' by value 1.</msg>
<status status="PASS" starttime="20231205 14:47:45.485" endtime="20231205 14:47:45.690"/>
</kw>
<kw name="Sleep" library="BuiltIn">
<arg>${TIMEOUT}</arg>
<doc>Pauses the test executed for the given time.</doc>
<msg timestamp="20231205 14:47:46.696" level="INFO">Slept 1 second</msg>
<status status="PASS" starttime="20231205 14:47:45.691" endtime="20231205 14:47:46.697"/>
</kw>
<status status="PASS" starttime="20231205 14:47:45.188" endtime="20231205 14:47:46.699"/>
</kw>
<kw name="Select Status" library="mytracker_resources">
<arg>${WORKING_FROM_OFFICE}</arg>
<kw name="Click Element" library="SeleniumLibrary">
<arg>${DROPDOWN_STATUS}</arg>
<doc>Click the element identified by ``locator``.</doc>
<msg timestamp="20231205 14:47:46.703" level="INFO">Clicking element '//select[@id='statusID']'.</msg>
<status status="PASS" starttime="20231205 14:47:46.700" endtime="20231205 14:47:46.985"/>
</kw>
<kw name="Select From List By Value" library="SeleniumLibrary">
<arg>${DROPDOWN_STATUS}</arg>
<arg>${status}</arg>
<doc>Selects options from selection list ``locator`` by ``values``.</doc>
<msg timestamp="20231205 14:47:46.987" level="INFO">Selecting options from selection list '//select[@id='statusID']' by value 1.</msg>
<status status="PASS" starttime="20231205 14:47:46.986" endtime="20231205 14:47:47.098"/>
</kw>
<kw name="Sleep" library="BuiltIn">
<arg>${TIMEOUT}</arg>
<doc>Pauses the test executed for the given time.</doc>
<msg timestamp="20231205 14:47:48.100" level="INFO">Slept 1 second</msg>
<status status="PASS" starttime="20231205 14:47:47.099" endtime="20231205 14:47:48.101"/>
</kw>
<status status="PASS" starttime="20231205 14:47:46.700" endtime="20231205 14:47:48.102"/>
</kw>
<kw name="Select Project" library="mytracker_resources">
<arg>${NEXCHIEF}</arg>
<kw name="Click Element" library="SeleniumLibrary">
<arg>${DROPDOWN_PROJECT}</arg>
<doc>Click the element identified by ``locator``.</doc>
<msg timestamp="20231205 14:47:48.102" level="INFO">Clicking element '//select[@id='projectID']'.</msg>
<status status="PASS" starttime="20231205 14:47:48.102" endtime="20231205 14:47:48.362"/>
</kw>
<kw name="Select From List By Value" library="SeleniumLibrary">
<arg>${DROPDOWN_PROJECT}</arg>
<arg>${project}</arg>
<doc>Selects options from selection list ``locator`` by ``values``.</doc>
<msg timestamp="20231205 14:47:48.363" level="INFO">Selecting options from selection list '//select[@id='projectID']' by value 14.</msg>
<status status="PASS" starttime="20231205 14:47:48.363" endtime="20231205 14:47:48.483"/>
</kw>
<kw name="Sleep" library="BuiltIn">
<arg>${TIMEOUT}</arg>
<doc>Pauses the test executed for the given time.</doc>
<msg timestamp="20231205 14:47:49.484" level="INFO">Slept 1 second</msg>
<status status="PASS" starttime="20231205 14:47:48.483" endtime="20231205 14:47:49.485"/>
</kw>
<status status="PASS" starttime="20231205 14:47:48.102" endtime="20231205 14:47:49.485"/>
</kw>
<kw name="Select Form" library="mytracker_resources">
<arg>${DAILY_CHECK_IN}</arg>
<kw name="Click Element" library="SeleniumLibrary">
<arg>${DROPDOWN_FORM}</arg>
<doc>Click the element identified by ``locator``.</doc>
<msg timestamp="20231205 14:47:49.492" level="INFO">Clicking element '//select[@id='contextID']'.</msg>
<status status="PASS" starttime="20231205 14:47:49.486" endtime="20231205 14:47:49.765"/>
</kw>
<kw name="Select From List By Value" library="SeleniumLibrary">
<arg>${DROPDOWN_FORM}</arg>
<arg>${form}</arg>
<doc>Selects options from selection list ``locator`` by ``values``.</doc>
<msg timestamp="20231205 14:47:49.768" level="INFO">Selecting options from selection list '//select[@id='contextID']' by value 1.</msg>
<status status="PASS" starttime="20231205 14:47:49.765" endtime="20231205 14:47:49.881"/>
</kw>
<kw name="Sleep" library="BuiltIn">
<arg>${TIMEOUT}</arg>
<doc>Pauses the test executed for the given time.</doc>
<msg timestamp="20231205 14:47:50.883" level="INFO">Slept 1 second</msg>
<status status="PASS" starttime="20231205 14:47:49.881" endtime="20231205 14:47:50.884"/>
</kw>
<status status="PASS" starttime="20231205 14:47:49.486" endtime="20231205 14:47:50.885"/>
</kw>
<kw name="Insert Yesterday Task" library="mytracker_resources">
<arg>${yesterdaytask}</arg>
<kw name="Input Text" library="SeleniumLibrary">
<arg>${TEXTFIELD_YESTERDAY_TASK}</arg>
<arg>${yesterdayTask}</arg>
<doc>Types the given ``text`` into the text field identified by ``locator``.</doc>
<msg timestamp="20231205 14:47:50.910" level="INFO">Typing text '- CR Nexchief
-Testing bugfixing
' into text field '//div[@id="answersContainer"]/div[3]'.</msg>
<status status="PASS" starttime="20231205 14:47:50.891" endtime="20231205 14:47:51.398"/>
</kw>
<kw name="Sleep" library="BuiltIn">
<arg>${TIMEOUT}</arg>
<doc>Pauses the test executed for the given time.</doc>
<msg timestamp="20231205 14:47:52.400" level="INFO">Slept 1 second</msg>
<status status="PASS" starttime="20231205 14:47:51.399" endtime="20231205 14:47:52.400"/>
</kw>
<status status="PASS" starttime="20231205 14:47:50.889" endtime="20231205 14:47:52.401"/>
</kw>
<kw name="Insert Today Task" library="mytracker_resources">
<arg>${todaytask}</arg>
<kw name="Input Text" library="SeleniumLibrary">
<arg>${TEXTFIELD_TODAY_TASK}</arg>
<arg>${todayTask}</arg>
<doc>Types the given ``text`` into the text field identified by ``locator``.</doc>
<msg timestamp="20231205 14:47:52.407" level="INFO">Typing text 'Testing Scheduler' into text field '//div[@id="answersContainer"]/div[5]'.</msg>
<status status="PASS" starttime="20231205 14:47:52.404" endtime="20231205 14:47:52.711"/>
</kw>
<kw name="Sleep" library="BuiltIn">
<arg>${TIMEOUT}</arg>
<doc>Pauses the test executed for the given time.</doc>
<msg timestamp="20231205 14:47:53.712" level="INFO">Slept 1 second</msg>
<status status="PASS" starttime="20231205 14:47:52.712" endtime="20231205 14:47:53.712"/>
</kw>
<status status="PASS" starttime="20231205 14:47:52.402" endtime="20231205 14:47:53.712"/>
</kw>
<kw name="Insert Blocker Task" library="mytracker_resources">
<arg>${blockertask}</arg>
<kw name="Scroll Element Into View" library="SeleniumLibrary">
<arg>${TEXTFIELD_BLOCKER_TASK}</arg>
<doc>Scrolls the element identified by ``locator`` into view.</doc>
<status status="PASS" starttime="20231205 14:47:53.720" endtime="20231205 14:47:54.193"/>
</kw>
<kw name="Input Text" library="SeleniumLibrary">
<arg>${TEXTFIELD_BLOCKER_TASK}</arg>
<arg>${blockerTask}</arg>
<doc>Types the given ``text`` into the text field identified by ``locator``.</doc>
<msg timestamp="20231205 14:47:54.193" level="INFO">Typing text 'koneksi ke rempoa tidak stabil' into text field '//div[@id="answersContainer"]/div[7]'.</msg>
<status status="PASS" starttime="20231205 14:47:54.193" endtime="20231205 14:47:54.547"/>
</kw>
<kw name="Sleep" library="BuiltIn">
<arg>${TIMEOUT}</arg>
<doc>Pauses the test executed for the given time.</doc>
<msg timestamp="20231205 14:47:55.548" level="INFO">Slept 1 second</msg>
<status status="PASS" starttime="20231205 14:47:54.548" endtime="20231205 14:47:55.551"/>
</kw>
<status status="PASS" starttime="20231205 14:47:53.712" endtime="20231205 14:47:55.552"/>
</kw>
<kw name="Click Submit Daily" library="mytracker_resources">
<kw name="Scroll Element Into View" library="SeleniumLibrary">
<arg>${BUTTON_SUBMIT}</arg>
<doc>Scrolls the element identified by ``locator`` into view.</doc>
<status status="PASS" starttime="20231205 14:47:55.558" endtime="20231205 14:47:56.024"/>
</kw>
<kw name="Click Button" library="SeleniumLibrary">
<arg>${BUTTON_SUBMIT}</arg>
<doc>Clicks the button identified by ``locator``.</doc>
<msg timestamp="20231205 14:47:56.025" level="INFO">Clicking button '//button[@id='buttonSubmit']'.</msg>
<status status="PASS" starttime="20231205 14:47:56.025" endtime="20231205 14:47:56.416"/>
</kw>
<status status="PASS" starttime="20231205 14:47:55.555" endtime="20231205 14:47:56.417"/>
</kw>
<status status="PASS" starttime="20231205 14:47:43.787" endtime="20231205 14:47:56.419"/>
</kw>
<kw name="then I should see success message">
<kw name="Verify Success Submit Daily" library="mytracker_resources">
<kw name="Wait Until Element Is Visible" library="SeleniumLibrary">
<arg>${POPUP_SUCCESS}</arg>
<doc>Waits until the element ``locator`` is visible.</doc>
<status status="PASS" starttime="20231205 14:47:56.423" endtime="20231205 14:47:56.766"/>
</kw>
<kw name="Page Should Contain" library="SeleniumLibrary">
<arg>${MESSAGE_SUCCESS}</arg>
<doc>Verifies that current page contains ``text``.</doc>
<msg timestamp="20231205 14:47:56.938" level="INFO">Current page contains text 'Hooray! Sent successfully!'.</msg>
<status status="PASS" starttime="20231205 14:47:56.768" endtime="20231205 14:47:56.938"/>
</kw>
<kw name="Sleep" library="BuiltIn">
<arg>${TIMEOUT}</arg>
<doc>Pauses the test executed for the given time.</doc>
<msg timestamp="20231205 14:47:57.939" level="INFO">Slept 1 second</msg>
<status status="PASS" starttime="20231205 14:47:56.939" endtime="20231205 14:47:57.939"/>
</kw>
<status status="PASS" starttime="20231205 14:47:56.422" endtime="20231205 14:47:57.940"/>
</kw>
<status status="PASS" starttime="20231205 14:47:56.421" endtime="20231205 14:47:57.940"/>
</kw>
<kw name="and I log out">
<kw name="Click Logout Button" library="login_resources">
<kw name="Scroll Element Into View" library="SeleniumLibrary">
<arg>${SIDE_PREFERENCES}</arg>
<doc>Scrolls the element identified by ``locator`` into view.</doc>
<status status="PASS" starttime="20231205 14:47:57.943" endtime="20231205 14:47:58.317"/>
</kw>
<kw name="Click Element" library="SeleniumLibrary">
<arg>${SIDE_PREFERENCES}</arg>
<doc>Click the element identified by ``locator``.</doc>
<msg timestamp="20231205 14:47:58.319" level="INFO">Clicking element '//body/div[@id='sidebar']/div[14]/label[1]'.</msg>
<status status="PASS" starttime="20231205 14:47:58.318" endtime="20231205 14:47:58.459"/>
</kw>
<kw name="Sleep" library="BuiltIn">
<arg>${TIMEOUT}</arg>
<doc>Pauses the test executed for the given time.</doc>
<msg timestamp="20231205 14:47:59.470" level="INFO">Slept 1 second</msg>
<status status="PASS" starttime="20231205 14:47:58.468" endtime="20231205 14:47:59.470"/>
</kw>
<kw name="Click Element" library="SeleniumLibrary">
<arg>${BUTTON_LOGOUT}</arg>
<doc>Click the element identified by ``locator``.</doc>
<msg timestamp="20231205 14:47:59.471" level="INFO">Clicking element '//li[@id='logoutBtn']'.</msg>
<status status="PASS" starttime="20231205 14:47:59.470" endtime="20231205 14:47:59.574"/>
</kw>
<kw name="Sleep" library="BuiltIn">
<arg>${TIMEOUT}</arg>
<doc>Pauses the test executed for the given time.</doc>
<msg timestamp="20231205 14:48:00.575" level="INFO">Slept 1 second</msg>
<status status="PASS" starttime="20231205 14:47:59.574" endtime="20231205 14:48:00.575"/>
</kw>
<kw name="Click Button" library="SeleniumLibrary">
<arg>${BUTTON_CONFIRM_LOGOUT}</arg>
<doc>Clicks the button identified by ``locator``.</doc>
<msg timestamp="20231205 14:48:00.576" level="INFO">Clicking button 'confirmLogout'.</msg>
<status status="PASS" starttime="20231205 14:48:00.576" endtime="20231205 14:48:01.091"/>
</kw>
<status status="PASS" starttime="20231205 14:47:57.942" endtime="20231205 14:48:01.092"/>
</kw>
<status status="PASS" starttime="20231205 14:47:57.941" endtime="20231205 14:48:01.093"/>
</kw>
<status status="PASS" starttime="20231205 14:47:34.747" endtime="20231205 14:48:01.101"/>
</test>
<status status="PASS" starttime="20231205 14:47:34.177" endtime="20231205 14:48:01.104"/>
</suite>
<statistics>
<total>
<stat pass="1" fail="0" skip="0">All Tests</stat>
</total>
<tag>
</tag>
<suite>
<stat pass="1" fail="0" skip="0" id="s1" name="qcBDD">qcBDD</stat>
</suite>
</statistics>
<errors>
</errors>
</robot>
